<?xml version="1.0" encoding="UTF-8"?>
<robot generator="Robot 7.0 (Python 3.12.3 on win32)" generated="2024-06-07T15:36:12.026036" rpa="false" schemaversion="5">
<suite id="s1" name="Jsonplaceholder Automation" source="c:\CWI\asa_robot_challenge\jsonplaceholder_automation.robot">
<test id="s1-t1" name="Deletar um Post específico" line="36">
<kw name="Given O usuário possua uma sessão criada para a API" owner="resources">
<kw name="Create Session" owner="RequestsLibrary">
<msg time="2024-06-07T15:36:12.316988" level="INFO">Creating Session using : alias=jsonplaceholder_session, url=https://jsonplaceholder.typicode.com, headers={},                     cookies={}, auth=None, timeout=None, proxies=None, verify=False,                     debug=0 </msg>
<arg>jsonplaceholder_session</arg>
<arg>${BASE_URL}</arg>
<doc>Create Session: create a HTTP session to a server</doc>
<status status="PASS" start="2024-06-07T15:36:12.316988" elapsed="0.002529"/>
</kw>
<status status="PASS" start="2024-06-07T15:36:12.316988" elapsed="0.002529"/>
</kw>
<kw name="When Efetuar uma requisição &quot;DELETE&quot; com o parametro &quot;1&quot; e com o corpo &quot;&quot;" owner="resources" source_name="Efetuar uma requisição &quot;${VERB}&quot; com o parametro &quot;${PATH_PARAM}&quot; e com o corpo &quot;${BODY}&quot;">
<if>
<branch type="IF" condition="&quot;${VERB}&quot; == 'GET'">
<if>
<branch type="IF" condition="&quot;${PATH_PARAM}&quot; is None">
<kw name="GET On Session" owner="RequestsLibrary">
<var>${response}</var>
<arg>jsonplaceholder_session</arg>
<arg>/posts</arg>
<doc>Sends a GET request on a previously created HTTP Session.</doc>
<status status="NOT RUN" start="2024-06-07T15:36:12.319517" elapsed="0.001152"/>
</kw>
<kw name="Set Test Variable" owner="BuiltIn">
<arg>${ITERATION_RESPONSE}</arg>
<arg>${response.json()}</arg>
<doc>Makes a variable available everywhere within the scope of the current test.</doc>
<status status="NOT RUN" start="2024-06-07T15:36:12.320669" elapsed="0.000000"/>
</kw>
<status status="NOT RUN" start="2024-06-07T15:36:12.319517" elapsed="0.001152"/>
</branch>
<branch type="ELSE">
<kw name="GET On Session" owner="RequestsLibrary">
<var>${response}</var>
<arg>jsonplaceholder_session</arg>
<arg>/posts/${PATH_PARAM}</arg>
<doc>Sends a GET request on a previously created HTTP Session.</doc>
<status status="NOT RUN" start="2024-06-07T15:36:12.320669" elapsed="0.000000"/>
</kw>
<kw name="Set Test Variable" owner="BuiltIn">
<arg>${ITERATION_RESPONSE}</arg>
<arg>${response.json()}</arg>
<doc>Makes a variable available everywhere within the scope of the current test.</doc>
<status status="NOT RUN" start="2024-06-07T15:36:12.320669" elapsed="0.000000"/>
</kw>
<status status="NOT RUN" start="2024-06-07T15:36:12.320669" elapsed="0.000000"/>
</branch>
<status status="NOT RUN" start="2024-06-07T15:36:12.319517" elapsed="0.001152"/>
</if>
<status status="NOT RUN" start="2024-06-07T15:36:12.319517" elapsed="0.001152"/>
</branch>
<status status="PASS" start="2024-06-07T15:36:12.319517" elapsed="0.001152"/>
</if>
<if>
<branch type="IF" condition="&quot;${VERB}&quot; == 'POST'">
<kw name="POST On Session" owner="RequestsLibrary">
<var>${response}</var>
<arg>jsonplaceholder_session</arg>
<arg>/posts</arg>
<arg>${BODY}</arg>
<arg>headers=${HEADERS}</arg>
<doc>Sends a POST request on a previously created HTTP Session.</doc>
<status status="NOT RUN" start="2024-06-07T15:36:12.321670" elapsed="0.000000"/>
</kw>
<kw name="Set Test Variable" owner="BuiltIn">
<arg>${ITERATION_RESPONSE}</arg>
<arg>${response.json()}</arg>
<doc>Makes a variable available everywhere within the scope of the current test.</doc>
<status status="NOT RUN" start="2024-06-07T15:36:12.321670" elapsed="0.000000"/>
</kw>
<status status="NOT RUN" start="2024-06-07T15:36:12.320669" elapsed="0.001001"/>
</branch>
<status status="PASS" start="2024-06-07T15:36:12.320669" elapsed="0.001001"/>
</if>
<if>
<branch type="IF" condition="&quot;${VERB}&quot; == 'PUT'">
<kw name="PUT On Session" owner="RequestsLibrary">
<var>${response}</var>
<arg>jsonplaceholder_session</arg>
<arg>/posts/${PATH_PARAM}</arg>
<arg>${BODY}</arg>
<arg>headers=&amp;{HEADERS}</arg>
<doc>Sends a PUT request on a previously created HTTP Session.</doc>
<status status="NOT RUN" start="2024-06-07T15:36:12.321670" elapsed="0.000000"/>
</kw>
<kw name="Set Test Variable" owner="BuiltIn">
<arg>${ITERATION_RESPONSE}</arg>
<arg>${response.json()}</arg>
<doc>Makes a variable available everywhere within the scope of the current test.</doc>
<status status="NOT RUN" start="2024-06-07T15:36:12.321670" elapsed="0.000000"/>
</kw>
<status status="NOT RUN" start="2024-06-07T15:36:12.321670" elapsed="0.000000"/>
</branch>
<status status="PASS" start="2024-06-07T15:36:12.321670" elapsed="0.000000"/>
</if>
<if>
<branch type="IF" condition="&quot;${VERB}&quot; == 'DELETE'">
<kw name="DELETE On Session" owner="RequestsLibrary">
<msg time="2024-06-07T15:36:12.534332" level="INFO">DELETE Request : url=https://jsonplaceholder.typicode.com/posts/1 
 path_url=/posts/1 
 headers={'User-Agent': 'python-requests/2.32.3', 'Accept-Encoding': 'gzip, deflate', 'Accept': '*/*', 'Connection': 'keep-alive', 'Content-Type': 'application/json; charset=UTF-8', 'Content-Length': '0'} 
 body=None 
 </msg>
<msg time="2024-06-07T15:36:12.534332" level="INFO">DELETE Response : url=https://jsonplaceholder.typicode.com/posts/1 
 status=200, reason=OK 
 headers={'Date': 'Fri, 07 Jun 2024 18:36:15 GMT', 'Content-Type': 'application/json; charset=utf-8', 'Content-Length': '2', 'Connection': 'keep-alive', 'Report-To': '{"group":"heroku-nel","max_age":3600,"endpoints":[{"url":"https://nel.heroku.com/reports?ts=1717785375&amp;sid=e11707d5-02a7-43ef-b45e-2cf4d2036f7d&amp;s=YZMEUu9qXqXLmY5pV5g9iBUnNe7h%2Bae8LPxmiiYDVDs%3D"}]}', 'Reporting-Endpoints': 'heroku-nel=https://nel.heroku.com/reports?ts=1717785375&amp;sid=e11707d5-02a7-43ef-b45e-2cf4d2036f7d&amp;s=YZMEUu9qXqXLmY5pV5g9iBUnNe7h%2Bae8LPxmiiYDVDs%3D', 'Nel': '{"report_to":"heroku-nel","max_age":3600,"success_fraction":0.005,"failure_fraction":0.05,"response_headers":["Via"]}', 'X-Powered-By': 'Express', 'X-Ratelimit-Limit': '1000', 'X-Ratelimit-Remaining': '999', 'X-Ratelimit-Reset': '1717785426', 'Vary': 'Origin, Accept-Encoding', 'Access-Control-Allow-Credentials': 'true', 'Cache-Control': 'no-cache', 'Pragma': 'no-cache', 'Expires': '-1', 'X-Content-Type-Options': 'nosniff', 'Etag': 'W/"2-vyGp6PvFo4RvsFtPoIWeCReyIC8"', 'Via': '1.1 vegur', 'CF-Cache-Status': 'DYNAMIC', 'Server': 'cloudflare', 'CF-RAY': '8902bf218b09624c-GRU', 'alt-svc': 'h3=":443"; ma=86400'} 
 body={} 
 </msg>
<msg time="2024-06-07T15:36:12.534332" level="INFO">C:\Users\augus\AppData\Local\Programs\Python\Python312\Lib\site-packages\urllib3\connectionpool.py:1103: InsecureRequestWarning: Unverified HTTPS request is being made to host 'jsonplaceholder.typicode.com'. Adding certificate verification is strongly advised. See: https://urllib3.readthedocs.io/en/latest/advanced-usage.html#tls-warnings
  warnings.warn(</msg>
<msg time="2024-06-07T15:36:12.534332" level="INFO">${response} = &lt;Response [200]&gt;</msg>
<var>${response}</var>
<arg>jsonplaceholder_session</arg>
<arg>/posts/${PATH_PARAM}</arg>
<arg>headers=${HEADERS}</arg>
<doc>Sends a DELETE request on a previously created HTTP Session.</doc>
<status status="PASS" start="2024-06-07T15:36:12.322669" elapsed="0.211663"/>
</kw>
<kw name="Set Test Variable" owner="BuiltIn">
<msg time="2024-06-07T15:36:12.535333" level="INFO">${ITERATION_RESPONSE} = {}</msg>
<arg>${ITERATION_RESPONSE}</arg>
<arg>${response.json()}</arg>
<doc>Makes a variable available everywhere within the scope of the current test.</doc>
<status status="PASS" start="2024-06-07T15:36:12.535333" elapsed="0.000000"/>
</kw>
<status status="PASS" start="2024-06-07T15:36:12.321670" elapsed="0.214664"/>
</branch>
<status status="PASS" start="2024-06-07T15:36:12.321670" elapsed="0.214664"/>
</if>
<status status="PASS" start="2024-06-07T15:36:12.319517" elapsed="0.216817"/>
</kw>
<kw name="Then Receberá um status code &quot;200&quot;" owner="resources" source_name="Receberá um status code &quot;${RESPONSE_STATUS_CODE}&quot;">
<kw name="Status Should Be" owner="RequestsLibrary">
<arg>${RESPONSE_STATUS_CODE}</arg>
<doc>Fails if response status code is different than the expected.</doc>
<status status="PASS" start="2024-06-07T15:36:12.536334" elapsed="0.000000"/>
</kw>
<status status="PASS" start="2024-06-07T15:36:12.536334" elapsed="0.000000"/>
</kw>
<status status="PASS" start="2024-06-07T15:36:12.316988" elapsed="0.220346"/>
</test>
<doc>Projeto de automação de testes utilizando Robot Framework</doc>
<status status="PASS" start="2024-06-07T15:36:12.030050" elapsed="0.507284"/>
</suite>
<statistics>
<total>
<stat pass="1" fail="0" skip="0">All Tests</stat>
</total>
<tag>
</tag>
<suite>
<stat pass="1" fail="0" skip="0" id="s1" name="Jsonplaceholder Automation">Jsonplaceholder Automation</stat>
</suite>
</statistics>
<errors>
</errors>
</robot>
